<?xml version="1.0" encoding="UTF-8"?>
<!-- Generated by org.testng.reporters.JUnitReportReporter -->
<testsuite skipped="0" hostname="WINDOWS-5DSFHLP" name="org.autcrm.contacttest.CreateContactWithOrgTest" tests="1" failures="0" timestamp="2020-08-05T12:07:46 IST" time="25.262" errors="0">
  <testcase name="createContactWithOrgtest" time="25.262" classname="org.autcrm.contacttest.CreateContactWithOrgTest"/>
  <system-out/>
</testsuite> <!-- org.autcrm.contacttest.CreateContactWithOrgTest -->
